AutoDock Vina v1.2.7
#################################################################
# If you used AutoDock Vina in your work, please cite:          #
#                                                               #
# J. Eberhardt, D. Santos-Martins, A. F. Tillack, and S. Forli  #
# AutoDock Vina 1.2.0: New Docking Methods, Expanded Force      #
# Field, and Python Bindings, J. Chem. Inf. Model. (2021)       #
# DOI 10.1021/acs.jcim.1c00203                                  #
#                                                               #
# O. Trott, A. J. Olson,                                        #
# AutoDock Vina: improving the speed and accuracy of docking    #
# with a new scoring function, efficient optimization and       #
# multithreading, J. Comp. Chem. (2010)                         #
# DOI 10.1002/jcc.21334                                         #
#                                                               #
# Please see https://github.com/ccsb-scripps/AutoDock-Vina for  #
# more information.                                             #
#################################################################

Scoring function : vina
Rigid receptor: /Users/egorlyfar/Brain/research/strc/models/docking_runs/4b/ultra_x_tmem145_chainA.pdbqt
Ligand: /Users/egorlyfar/Brain/research/strc/models/docking_runs/4b/ligands/salicylic-acid.pdbqt
Grid center: X -22.027 Y -18.547 Z 2.215
Grid size  : X 18 Y 18 Z 18
Grid space : 0.375
Exhaustiveness: 32
CPU: 8
Verbosity: 1

Computing Vina grid ... done.
Performing docking (random seed: 1980258769) ... 
0%   10   20   30   40   50   60   70   80   90   100%
|----|----|----|----|----|----|----|----|----|----|
***************************************************

mode |   affinity | dist from best mode
     | (kcal/mol) | rmsd l.b.| rmsd u.b.
-----+------------+----------+----------
   1       -5.024          0          0
   2           -5      1.701      3.561
   3       -4.998      1.102      2.349
   4        -4.61      13.01      14.07
   5       -4.598      2.412      3.982
   6       -4.547       12.7      13.89
   7       -4.526      13.47       14.6
   8       -4.428      12.77      13.92
   9      -0.5226      2.847      3.857

---STDERR---
