AutoDock Vina v1.2.7
#################################################################
# If you used AutoDock Vina in your work, please cite:          #
#                                                               #
# J. Eberhardt, D. Santos-Martins, A. F. Tillack, and S. Forli  #
# AutoDock Vina 1.2.0: New Docking Methods, Expanded Force      #
# Field, and Python Bindings, J. Chem. Inf. Model. (2021)       #
# DOI 10.1021/acs.jcim.1c00203                                  #
#                                                               #
# O. Trott, A. J. Olson,                                        #
# AutoDock Vina: improving the speed and accuracy of docking    #
# with a new scoring function, efficient optimization and       #
# multithreading, J. Comp. Chem. (2010)                         #
# DOI 10.1002/jcc.21334                                         #
#                                                               #
# Please see https://github.com/ccsb-scripps/AutoDock-Vina for  #
# more information.                                             #
#################################################################

Scoring function : vina
Rigid receptor: /Users/egorlyfar/Brain/research/strc/models/docking_runs/5e/snap_008_receptor.pdbqt
Ligand: /Users/egorlyfar/Brain/research/strc/models/docking_runs/4b/ligands/indole-3-acetic-acid.pdbqt
Grid center: X 10.4668 Y -33.7278 Z 10.5288
Grid size  : X 18 Y 18 Z 18
Grid space : 0.375
Exhaustiveness: 16
CPU: 8
Verbosity: 1

Computing Vina grid ... done.
Performing docking (random seed: 1667862560) ... 
0%   10   20   30   40   50   60   70   80   90   100%
|----|----|----|----|----|----|----|----|----|----|
***************************************************

mode |   affinity | dist from best mode
     | (kcal/mol) | rmsd l.b.| rmsd u.b.
-----+------------+----------+----------
   1       -5.066          0          0
   2       -5.015       1.69      2.707
   3       -4.419       14.7       16.1
   4       -4.309      16.11       17.5
   5       -4.274      14.33      15.43

----STDERR----
