AutoDock Vina v1.2.7
#################################################################
# If you used AutoDock Vina in your work, please cite:          #
#                                                               #
# J. Eberhardt, D. Santos-Martins, A. F. Tillack, and S. Forli  #
# AutoDock Vina 1.2.0: New Docking Methods, Expanded Force      #
# Field, and Python Bindings, J. Chem. Inf. Model. (2021)       #
# DOI 10.1021/acs.jcim.1c00203                                  #
#                                                               #
# O. Trott, A. J. Olson,                                        #
# AutoDock Vina: improving the speed and accuracy of docking    #
# with a new scoring function, efficient optimization and       #
# multithreading, J. Comp. Chem. (2010)                         #
# DOI 10.1002/jcc.21334                                         #
#                                                               #
# Please see https://github.com/ccsb-scripps/AutoDock-Vina for  #
# more information.                                             #
#################################################################

Scoring function : vina
Rigid receptor: /Users/egorlyfar/Brain/research/strc/models/docking_runs/5e/snap_017_receptor.pdbqt
Ligand: /Users/egorlyfar/Brain/research/strc/models/docking_runs/4b/ligands/indole-3-acetic-acid.pdbqt
Grid center: X 8.65233 Y -34.8347 Z 12.7043
Grid size  : X 18 Y 18 Z 18
Grid space : 0.375
Exhaustiveness: 16
CPU: 8
Verbosity: 1

Computing Vina grid ... done.
Performing docking (random seed: 728850085) ... 
0%   10   20   30   40   50   60   70   80   90   100%
|----|----|----|----|----|----|----|----|----|----|
***************************************************

mode |   affinity | dist from best mode
     | (kcal/mol) | rmsd l.b.| rmsd u.b.
-----+------------+----------+----------
   1       -5.033          0          0
   2       -4.868       1.67      2.652
   3       -4.821      16.76      17.49
   4        -4.77      16.46      17.54
   5       -4.708      3.594      5.253

----STDERR----
